Arguments: 
  /home/taky/.nvm/versions/node/v19.2.0/bin/node /home/taky/.nvm/versions/node/v19.2.0/bin/yarn add string-similarity

PATH: 
  /home/taky/.nix-profile/bin:/home/taky/.nvm/versions/node/v19.2.0/bin:/home/taky/.local/bin:/home/taky/.local/bin:/home/taky/.local/bin:/home/taky/.local/bin:/home/taky/.local/bin:/usr/local/sbin:/usr/local/bin:/usr/sbin:/usr/bin:/sbin:/bin:/usr/games:/usr/local/games:/snap/bin:/snap/bin

Yarn version: 
  1.22.19

Node version: 
  19.2.0

Platform: 
  linux x64

Trace: 
  Error: EACCES: permission denied, mkdir '/home/taky/www/wow-discord-bot-tbc/node_modules/bindings'

npm manifest: 
  {
    "name": "wow-discord-bot",
    "version": "1.0.0",
    "main": "index.js",
    "license": "MIT",
    "dependencies": {
      "@discordjs/rest": "^0.5.0",
      "ascii-table": "^0.0.9",
      "axios": "^0.27.2",
      "discord-bot": "^0.2.16",
      "discord-interactions": "^3.2.0",
      "discord.js": "^13.8.1",
      "string-similarity": "^4.0.4",
      "swiftly.js": "^12.0.10",
      "wegweg": "^0.21.0"
    }
  }

yarn manifest: 
  No manifest

Lockfile: 
  No lockfile
